Arguments: 
  /Users/matt/.asdf/installs/nodejs/18.15.0/bin/node /Users/matt/.yarn/bin/yarn.js init

PATH: 
  /Users/matt/.asdf/plugins/nodejs/shims:/Users/matt/.asdf/installs/nodejs/18.15.0/bin:/Users/matt/.local/share/fig/plugins/git-open:/Users/matt/.asdf/shims:/Users/matt/.asdf/bin:/Users/matt/.yarn/bin:/Users/matt/.config/yarn/global/node_modules/.bin:/Users/matt/.pyenv/shims:/Users/matt/.bin:/opt/homebrew/bin:/opt/homebrew/sbin:/Users/matt/.rbenv/shims:/opt/homebrew/bin:/opt/homebrew/sbin:/usr/local/bin:/usr/local/sbin:/System/Cryptexes/App/usr/bin:/usr/bin:/bin:/usr/sbin:/sbin:/Library/Apple/usr/bin:/Users/matt/.cargo/bin:/Users/matt/.fig/bin:/Users/matt/.local/bin:/opt/homebrew/bin:/opt/homebrew/opt/fzf/bin:/Users/matt/.yarn/bin:/Users/matt/.fig/bin:/Users/matt/.local/bin:/Users/matt/.asdf/shims:/opt/homebrew/opt/asdf/libexec/bin:/opt/homebrew/bin:/usr/local/bin/rubocop-daemon-wrapper:/Users/matt/.pyenv/shims:/Applications/Postgres.app/Contents/Versions/latest/bin

Yarn version: 
  1.22.19

Node version: 
  18.15.0

Platform: 
  darwin arm64

Trace: 
  SyntaxError: /Users/matt/code/nzif/package.json: Unexpected end of JSON input
      at JSON.parse (<anonymous>)
      at /Users/matt/.yarn/lib/cli.js:1629:59
      at Generator.next (<anonymous>)
      at step (/Users/matt/.yarn/lib/cli.js:310:30)
      at /Users/matt/.yarn/lib/cli.js:321:13

npm manifest: 
  

yarn manifest: 
  No manifest

Lockfile: 
  No lockfile
